  [4;36;1mSQL (0.1ms)[0m   [0;1mSET NAMES 'utf8'[0m
  [4;35;1mSQL (0.1ms)[0m   [0mSET SQL_AUTO_IS_NULL=0[0m
  [4;36;1mSQL (0.1ms)[0m   [0;1mSET NAMES 'utf8'[0m
  [4;35;1mSQL (0.1ms)[0m   [0mSET SQL_AUTO_IS_NULL=0[0m
  [4;36;1mSQL (100.2ms)[0m   [0;1mSHOW TABLES[0m
  [4;35;1mSQL (332.0ms)[0m   [0mCREATE TABLE `schema_migrations` (`version` varchar(255) NOT NULL) ENGINE=InnoDB[0m
  [4;36;1mSQL (58.5ms)[0m   [0;1mCREATE UNIQUE INDEX `unique_schema_migrations` ON `schema_migrations` (`version`)[0m
  [4;35;1mSQL (0.4ms)[0m   [0mSHOW TABLES[0m
  [4;36;1mSQL (0.3ms)[0m   [0;1mSELECT version FROM schema_migrations[0m
Migrating to CreateSessions (20090630144136)
  [4;35;1mSQL (2.4ms)[0m   [0mCREATE TABLE `sessions` (`id` int(11) DEFAULT NULL auto_increment PRIMARY KEY, `session_id` varchar(255) NOT NULL, `data` text, `created_at` datetime, `updated_at` datetime) ENGINE=InnoDB[0m
  [4;36;1mSQL (72.0ms)[0m   [0;1mCREATE INDEX `index_sessions_on_session_id` ON `sessions` (`session_id`)[0m
  [4;35;1mSQL (12.9ms)[0m   [0mCREATE INDEX `index_sessions_on_updated_at` ON `sessions` (`updated_at`)[0m
  [4;36;1mSQL (0.7ms)[0m   [0;1mINSERT INTO schema_migrations (version) VALUES ('20090630144136')[0m
Migrating to CreateUsers (20090630144138)
  [4;35;1mSQL (0.4ms)[0m   [0mSHOW TABLES[0m
  [4;36;1mSQL (18.6ms)[0m   [0;1mCREATE TABLE `users` (`id` int(11) DEFAULT NULL auto_increment PRIMARY KEY, `login` varchar(40), `name` varchar(100) DEFAULT '', `email` varchar(100), `crypted_password` varchar(40), `salt` varchar(40), `created_at` datetime, `updated_at` datetime, `remember_token` varchar(40), `remember_token_expires_at` datetime, `activation_code` varchar(40), `activated_at` datetime) ENGINE=InnoDB[0m
  [4;35;1mSQL (33.2ms)[0m   [0mCREATE UNIQUE INDEX `index_users_on_login` ON `users` (`login`)[0m
  [4;36;1mSQL (0.7ms)[0m   [0;1mINSERT INTO schema_migrations (version) VALUES ('20090630144138')[0m
Migrating to CreatePasswords (20090630144140)
  [4;35;1mSQL (2.9ms)[0m   [0mCREATE TABLE `passwords` (`id` int(11) DEFAULT NULL auto_increment PRIMARY KEY, `user_id` int(11), `reset_code` varchar(255), `expiration_date` datetime, `created_at` datetime, `updated_at` datetime) ENGINE=InnoDB[0m
  [4;36;1mSQL (0.6ms)[0m   [0;1mINSERT INTO schema_migrations (version) VALUES ('20090630144140')[0m
Migrating to CreateRoles (20090630144143)
  [4;35;1mSQL (3.5ms)[0m   [0mCREATE TABLE `roles` (`id` int(11) DEFAULT NULL auto_increment PRIMARY KEY, `name` varchar(255)) ENGINE=InnoDB[0m
  [4;36;1mSQL (2.0ms)[0m   [0;1mCREATE TABLE `roles_users` (`role_id` int(11), `user_id` int(11)) ENGINE=InnoDB[0m
  [4;35;1mSQL (15.6ms)[0m   [0mCREATE INDEX `index_roles_users_on_role_id` ON `roles_users` (`role_id`)[0m
  [4;36;1mSQL (9.4ms)[0m   [0;1mCREATE INDEX `index_roles_users_on_user_id` ON `roles_users` (`user_id`)[0m
  [4;35;1mSQL (0.5ms)[0m   [0mINSERT INTO schema_migrations (version) VALUES ('20090630144143')[0m
Migrating to InitialMigration (20090630144147)
  [4;36;1mRole Columns (55.3ms)[0m   [0;1mSHOW FIELDS FROM `roles`[0m
  [4;35;1mSQL (0.2ms)[0m   [0mBEGIN[0m
  [4;36;1mRole Create (0.3ms)[0m   [0;1mINSERT INTO `roles` (`name`) VALUES('admin')[0m
  [4;35;1mSQL (0.6ms)[0m   [0mCOMMIT[0m
  [4;36;1mUser Columns (2.6ms)[0m   [0;1mSHOW FIELDS FROM `users`[0m
  [4;35;1mSQL (0.1ms)[0m   [0mBEGIN[0m
  [4;36;1mUser Exists (73.8ms)[0m   [0;1mSELECT `users`.id FROM `users` WHERE (`users`.`login` = BINARY 'admin') LIMIT 1[0m
  [4;35;1mUser Exists (0.2ms)[0m   [0mSELECT `users`.id FROM `users` WHERE (`users`.`email` = BINARY 'gregg@railsenvy.com') LIMIT 1[0m
  [4;36;1mUser Create (0.3ms)[0m   [0;1mINSERT INTO `users` (`name`, `salt`, `updated_at`, `activated_at`, `crypted_password`, `remember_token_expires_at`, `activation_code`, `remember_token`, `login`, `email`, `created_at`) VALUES('', '51eb3712f3d2b7e4cd232f555a7b426ca9c07c27', '2009-06-30 14:41:51', '2009-06-30 14:41:47', 'f778b9f5d3df4f7178e5230c9b1d7fa62445e0f6', NULL, 'a8b02813a429aee5ec70ecff6ddb27c8101a2117', NULL, 'admin', 'gregg@railsenvy.com', '2009-06-30 14:41:51')[0m
  [4;35;1mSQL (0.6ms)[0m   [0mCOMMIT[0m
  [4;36;1mSQL (0.1ms)[0m   [0;1mBEGIN[0m
  [4;35;1mroles_users Columns (1.7ms)[0m   [0mSHOW FIELDS FROM `roles_users`[0m
  [4;36;1mSQL (0.3ms)[0m   [0;1mINSERT INTO `roles_users` (`role_id`, `user_id`) VALUES (1, 1)[0m
  [4;35;1mSQL (0.5ms)[0m   [0mCOMMIT[0m
  [4;36;1mSQL (0.6ms)[0m   [0;1mINSERT INTO schema_migrations (version) VALUES ('20090630144147')[0m
  [4;35;1mSQL (0.4ms)[0m   [0mSHOW TABLES[0m
  [4;36;1mSQL (0.2ms)[0m   [0;1mSELECT version FROM schema_migrations[0m
  [4;35;1mSQL (0.3ms)[0m   [0mSHOW TABLES[0m
  [4;36;1mSQL (1.7ms)[0m   [0;1mSHOW FIELDS FROM `passwords`[0m
  [4;35;1mSQL (1.9ms)[0m   [0mdescribe `passwords`[0m
  [4;36;1mSQL (0.7ms)[0m   [0;1mSHOW KEYS FROM `passwords`[0m
  [4;35;1mSQL (1.3ms)[0m   [0mSHOW FIELDS FROM `roles`[0m
  [4;36;1mSQL (1.7ms)[0m   [0;1mdescribe `roles`[0m
  [4;35;1mSQL (0.7ms)[0m   [0mSHOW KEYS FROM `roles`[0m
  [4;36;1mSQL (11.3ms)[0m   [0;1mSHOW FIELDS FROM `roles_users`[0m
  [4;35;1mSQL (3.0ms)[0m   [0mdescribe `roles_users`[0m
  [4;36;1mSQL (1.7ms)[0m   [0;1mSHOW KEYS FROM `roles_users`[0m
  [4;35;1mSQL (36.0ms)[0m   [0mSHOW FIELDS FROM `sessions`[0m
  [4;36;1mSQL (1.6ms)[0m   [0;1mdescribe `sessions`[0m
  [4;35;1mSQL (0.4ms)[0m   [0mSHOW KEYS FROM `sessions`[0m
  [4;36;1mSQL (2.3ms)[0m   [0;1mSHOW FIELDS FROM `users`[0m
  [4;35;1mSQL (2.9ms)[0m   [0mdescribe `users`[0m
  [4;36;1mSQL (0.6ms)[0m   [0;1mSHOW KEYS FROM `users`[0m
